+ date
+ echo install.sh time start: Sat 27 Aug 2022 09:00:17 AM EDT
install.sh time start: Sat 27 Aug 2022 09:00:17 AM EDT
+ DEPS=bash gcc tar gzip zip bzip2 find ls mv cp rm sed touch chmod
+ which bash
+ [ -z /bin/bash ]
+ which gcc
+ [ -z /usr/bin/gcc ]
+ which tar
+ [ -z /bin/tar ]
+ which gzip
+ [ -z /bin/gzip ]
+ which zip
+ [ -z /usr/bin/zip ]
+ which bzip2
+ [ -z /bin/bzip2 ]
+ which find
+ [ -z /usr/bin/find ]
+ which ls
+ [ -z /bin/ls ]
+ which mv
+ [ -z /bin/mv ]
+ which cp
+ [ -z /bin/cp ]
+ which rm
+ [ -z /bin/rm ]
+ which sed
+ [ -z /bin/sed ]
+ which touch
+ [ -z /usr/bin/touch ]
+ which chmod
+ [ -z /bin/chmod ]
+ CYGWIN=false
+ uname
+ [ -d tmpmetamathsite ]
+ [ -d metamathsite ]
+ echo Creating subdirectories...
Creating subdirectories...
+ [ -f metamathsite/set.mm~1 ]
+ [ -f metamathsite/set.mm ]
+ rm -rf tmpmetamathsite
+ [ -d tmpmetamathsite ]
+ mkdir tmpmetamathsite
+ [ -f LICENSE.TXT ]
+ cp -p LICENSE.TXT tmpmetamathsite/
+ [ -f README.TXT ]
+ cp -p README.TXT tmpmetamathsite/
+ [ -f __README.TXT ]
+ cp -p __README.TXT tmpmetamathsite/
+ [ -f _award_jars.gif ]
+ cp -p _award_jars.gif tmpmetamathsite/
+ [ -f _award_knot.gif ]
+ cp -p _award_knot.gif tmpmetamathsite/
+ [ -f _award_scout.gif ]
+ cp -p _award_scout.gif tmpmetamathsite/
+ [ -f _award_sparrow.gif ]
+ cp -p _award_sparrow.gif tmpmetamathsite/
+ [ -f _dir_assayer.gif ]
+ cp -p _dir_assayer.gif tmpmetamathsite/
+ [ -f _dir_backflip.gif ]
+ cp -p _dir_backflip.gif tmpmetamathsite/
+ [ -f _dir_britannica.gif ]
+ cp -p _dir_britannica.gif tmpmetamathsite/
+ [ -f _dir_dmoz.gif ]
+ cp -p _dir_dmoz.gif tmpmetamathsite/
+ [ -f _dir_eduport.gif ]
+ cp -p _dir_eduport.gif tmpmetamathsite/
+ [ -f _dir_eevl.gif ]
+ cp -p _dir_eevl.gif tmpmetamathsite/
+ [ -f _dir_google.gif ]
+ cp -p _dir_google.gif tmpmetamathsite/
+ [ -f _dir_mathforge.gif ]
+ cp -p _dir_mathforge.gif tmpmetamathsite/
+ [ -f _dir_mathforum.gif ]
+ cp -p _dir_mathforum.gif tmpmetamathsite/
+ [ -f _dir_merlot.gif ]
+ cp -p _dir_merlot.gif tmpmetamathsite/
+ [ -f _dir_openhere.gif ]
+ cp -p _dir_openhere.gif tmpmetamathsite/
+ [ -f _dir_sciencesearch.gif ]
+ cp -p _dir_sciencesearch.gif tmpmetamathsite/
+ [ -f _dir_swansea.gif ]
+ cp -p _dir_swansea.gif tmpmetamathsite/
+ [ -f _dir_utyx.gif ]
+ cp -p _dir_utyx.gif tmpmetamathsite/
+ [ -f _dir_waterloo.gif ]
+ cp -p _dir_waterloo.gif tmpmetamathsite/
+ [ -f _dir_wikipedia.gif ]
+ cp -p _dir_wikipedia.gif tmpmetamathsite/
+ [ -f _flag-at.png ]
+ cp -p _flag-at.png tmpmetamathsite/
+ [ -f _flag-au.png ]
+ cp -p _flag-au.png tmpmetamathsite/
+ [ -f _flag-cn.gif ]
+ cp -p _flag-cn.gif tmpmetamathsite/
+ [ -f _flag-de-vintage.png ]
+ cp -p _flag-de-vintage.png tmpmetamathsite/
+ [ -f _flag-de.png ]
+ cp -p _flag-de.png tmpmetamathsite/
+ [ -f _flag-gr.png ]
+ cp -p _flag-gr.png tmpmetamathsite/
+ [ -f _flag-kr.gif ]
+ cp -p _flag-kr.gif tmpmetamathsite/
+ [ -f _flag-ma.png ]
+ cp -p _flag-ma.png tmpmetamathsite/
+ [ -f _flag-nl.png ]
+ cp -p _flag-nl.png tmpmetamathsite/
+ [ -f _flag-nz.png ]
+ cp -p _flag-nz.png tmpmetamathsite/
+ [ -f _flag-pirate.png ]
+ cp -p _flag-pirate.png tmpmetamathsite/
+ [ -f _flag-ru.gif ]
+ cp -p _flag-ru.gif tmpmetamathsite/
+ [ -f _flag-uk.gif ]
+ cp -p _flag-uk.gif tmpmetamathsite/
+ [ -f _flag-us.png ]
+ cp -p _flag-us.png tmpmetamathsite/
+ [ -f _index1hol.gif ]
+ cp -p _index1hol.gif tmpmetamathsite/
+ [ -f _index1ile.gif ]
+ cp -p _index1ile.gif tmpmetamathsite/
+ [ -f _index1mpe.gif ]
+ cp -p _index1mpe.gif tmpmetamathsite/
+ [ -f _index1nfe.gif ]
+ cp -p _index1nfe.gif tmpmetamathsite/
+ [ -f _index2hse.gif ]
+ cp -p _index2hse.gif tmpmetamathsite/
+ [ -f _index3qle.gif ]
+ cp -p _index3qle.gif tmpmetamathsite/
+ [ -f _index4mms.gif ]
+ cp -p _index4mms.gif tmpmetamathsite/
+ [ -f _index5sym.gif ]
+ cp -p _index5sym.gif tmpmetamathsite/
+ [ -f _index6mus.gif ]
+ cp -p _index6mus.gif tmpmetamathsite/
+ [ -f _index7oth.gif ]
+ cp -p _index7oth.gif tmpmetamathsite/
+ [ -f _metamath-deco.gif ]
+ cp -p _metamath-deco.gif tmpmetamathsite/
+ [ -f _nm.png ]
+ cp -p _nm.png tmpmetamathsite/
+ [ -f _nmemail.gif ]
+ cp -p _nmemail.gif tmpmetamathsite/
+ [ -f _pennywoodpile.jpg ]
+ cp -p _pennywoodpile.jpg tmpmetamathsite/
+ [ -f _screen-mnemosyne.jpg ]
+ cp -p _screen-mnemosyne.jpg tmpmetamathsite/
+ [ -f _screen-palmmm.jpg ]
+ cp -p _screen-palmmm.jpg tmpmetamathsite/
+ [ -f _screen1.png ]
+ cp -p _screen1.png tmpmetamathsite/
+ [ -f _screen_gvim-elflord.png ]
+ cp -p _screen_gvim-elflord.png tmpmetamathsite/
+ [ -f _screen_kate.png ]
+ cp -p _screen_kate.png tmpmetamathsite/
+ [ -f _screen_metamath-jedit.png ]
+ cp -p _screen_metamath-jedit.png tmpmetamathsite/
+ [ -f _screen_mmj2-jedit.png ]
+ cp -p _screen_mmj2-jedit.png tmpmetamathsite/
+ [ -f _screen_vim.png ]
+ cp -p _screen_vim.png tmpmetamathsite/
+ [ -f _screen_vstudio.jpg ]
+ cp -p _screen_vstudio.jpg tmpmetamathsite/
+ [ -f _screengedit.png ]
+ cp -p _screengedit.png tmpmetamathsite/
+ [ -f _screengreasemonkey.png ]
+ cp -p _screengreasemonkey.png tmpmetamathsite/
+ [ -f _spectrum.png ]
+ cp -p _spectrum.png tmpmetamathsite/
+ [ -f _us2penny.jpg ]
+ cp -p _us2penny.jpg tmpmetamathsite/
+ [ -f abian-themostfixed.html ]
+ cp -p abian-themostfixed.html tmpmetamathsite/
+ [ -f aleph0-tz.gif ]
+ cp -p aleph0-tz.gif tmpmetamathsite/
+ [ -f alephfp.png ]
+ cp -p alephfp.png tmpmetamathsite/
+ [ -f award2003.html ]
+ cp -p award2003.html tmpmetamathsite/
+ [ -f build-linode-cert.sh ]
+ cp -p build-linode-cert.sh tmpmetamathsite/
+ [ -f build-linode.sh ]
+ cp -p build-linode.sh tmpmetamathsite/
+ [ -f build-metamath-site ]
+ cp -p build-metamath-site tmpmetamathsite/
+ [ -f copyright.html ]
+ cp -p copyright.html tmpmetamathsite/
+ [ -f czur.html ]
+ cp -p czur.html tmpmetamathsite/
+ [ -f donations.html ]
+ cp -p donations.html tmpmetamathsite/
+ [ -f downloads ]
+ [ -f edu.html ]
+ cp -p edu.html tmpmetamathsite/
+ [ -f email.html ]
+ cp -p email.html tmpmetamathsite/
+ [ -f favicon.ico ]
+ cp -p favicon.ico tmpmetamathsite/
+ [ -f fontcompare-safari.pdf ]
+ cp -p fontcompare-safari.pdf tmpmetamathsite/
+ [ -f fontcompare.gif ]
+ cp -p fontcompare.gif tmpmetamathsite/
+ [ -f google27f0af800c581832.html ]
+ cp -p google27f0af800c581832.html tmpmetamathsite/
+ [ -f hidden.html ]
+ cp -p hidden.html tmpmetamathsite/
+ [ -f holgif ]
+ [ -f hr.html ]
+ cp -p hr.html tmpmetamathsite/
+ [ -f hrsorten.html ]
+ cp -p hrsorten.html tmpmetamathsite/
+ [ -f hrsorthr.html ]
+ cp -p hrsorthr.html tmpmetamathsite/
+ [ -f ilegif ]
+ [ -f index.html ]
+ cp -p index.html tmpmetamathsite/
+ [ -f install.log ]
+ cp -p install.log tmpmetamathsite/
+ [ -f install.sh ]
+ cp -p install.sh tmpmetamathsite/
+ [ -f latex ]
+ [ -f metamath ]
+ [ -f mirror.txt ]
+ cp -p mirror.txt tmpmetamathsite/
+ [ -f missing.html ]
+ cp -p missing.html tmpmetamathsite/
+ [ -f mm-mailing-list.html ]
+ cp -p mm-mailing-list.html tmpmetamathsite/
+ [ -f mm.gif ]
+ cp -p mm.gif tmpmetamathsite/
+ [ -f mm.html ]
+ cp -p mm.html tmpmetamathsite/
+ [ -f mm1600x1600.gif ]
+ cp -p mm1600x1600.gif tmpmetamathsite/
+ [ -f mm960x960.gif ]
+ cp -p mm960x960.gif tmpmetamathsite/
+ [ -f mm_100.html ]
+ cp -p mm_100.html tmpmetamathsite/
+ [ -f mmlogo.gif ]
+ cp -p mmlogo.gif tmpmetamathsite/
+ [ -f mmlogo.svg ]
+ cp -p mmlogo.svg tmpmetamathsite/
+ [ -f mmlogotitle.svg ]
+ cp -p mmlogotitle.svg tmpmetamathsite/
+ [ -f mmsolitaire ]
+ [ -f mpegif ]
+ [ -f nfegif ]
+ [ -f norm2001.jpg ]
+ cp -p norm2001.jpg tmpmetamathsite/
+ [ -f norm2009.jpg ]
+ cp -p norm2009.jpg tmpmetamathsite/
+ [ -f norm2011.jpg ]
+ cp -p norm2011.jpg tmpmetamathsite/
+ [ -f norm2016.jpg ]
+ cp -p norm2016.jpg tmpmetamathsite/
+ [ -f other ]
+ [ -f other.html ]
+ cp -p other.html tmpmetamathsite/
+ [ -f qlegif ]
+ [ -f rdme-downloads.txt ]
+ cp -p rdme-downloads.txt tmpmetamathsite/
+ [ -f rdme-holuni.txt ]
+ cp -p rdme-holuni.txt tmpmetamathsite/
+ [ -f rdme-home.txt ]
+ cp -p rdme-home.txt tmpmetamathsite/
+ [ -f rdme-ileuni.txt ]
+ cp -p rdme-ileuni.txt tmpmetamathsite/
+ [ -f rdme-metamath.txt ]
+ cp -p rdme-metamath.txt tmpmetamathsite/
+ [ -f rdme-metamathsite.txt ]
+ cp -p rdme-metamathsite.txt tmpmetamathsite/
+ [ -f rdme-mmsolitaire.txt ]
+ cp -p rdme-mmsolitaire.txt tmpmetamathsite/
+ [ -f rdme-mpeuni.txt ]
+ cp -p rdme-mpeuni.txt tmpmetamathsite/
+ [ -f rdme-nfeuni.txt ]
+ cp -p rdme-nfeuni.txt tmpmetamathsite/
+ [ -f rdme-qleuni.txt ]
+ cp -p rdme-qleuni.txt tmpmetamathsite/
+ [ -f rdme-symbols.txt ]
+ cp -p rdme-symbols.txt tmpmetamathsite/
+ [ -f robots.txt ]
+ cp -p robots.txt tmpmetamathsite/
+ [ -f screen1.html ]
+ cp -p screen1.html tmpmetamathsite/
+ [ -f symbols ]
+ [ -f tmpmetamathsite ]
+ [ -f unauthorized.html ]
+ cp -p unauthorized.html tmpmetamathsite/
+ [ -f valid-html401.png ]
+ cp -p valid-html401.png tmpmetamathsite/
+ find . -type d -name ??*
+ egrep -v tmpmetamathsite|mpeuni|qleuni|nfeuni|holuni|ileuni
+ mkdir tmpmetamathsite/./symbols
+ mkdir tmpmetamathsite/./metamath
+ mkdir tmpmetamathsite/./downloads
+ mkdir tmpmetamathsite/./latex
+ mkdir tmpmetamathsite/./nfegif
+ mkdir tmpmetamathsite/./other
+ mkdir tmpmetamathsite/./other/wba
+ mkdir tmpmetamathsite/./other/AsteroidMeta
+ mkdir tmpmetamathsite/./other/AsteroidMeta/_latex_data
+ mkdir tmpmetamathsite/./other/AsteroidMeta/set.mm_discussion_replacement_files
+ mkdir tmpmetamathsite/./other/AsteroidMeta/Open_and_closed_intervals_in_R_files
+ mkdir tmpmetamathsite/./other/AsteroidMeta/metamathMathQuestions_files
+ mkdir tmpmetamathsite/./other/AsteroidMeta/download
+ mkdir tmpmetamathsite/./other/displib
+ mkdir tmpmetamathsite/./other/displib/images
+ mkdir tmpmetamathsite/./other/czur
+ mkdir tmpmetamathsite/./other/milpgame
+ mkdir tmpmetamathsite/./other/completeusersproof
+ mkdir tmpmetamathsite/./qlegif
+ mkdir tmpmetamathsite/./mpegif
+ mkdir tmpmetamathsite/./mmsolitaire
+ mkdir tmpmetamathsite/./holgif
+ mkdir tmpmetamathsite/./ilegif
+ [ -f tmpmetamathsite/install.log ]
+ rm -f tmpmetamathsite/install.log
+ [ -f tmpmetamathsite/nohup.out ]
+ find . -type d -name ?*
+ egrep -v tmpmetamathsite|mpegif|mpeuni|qlegif|qleuni|nfegif|nfeuni|holgif|holuni|ilegif|ileuni
+ cp -p ./LICENSE.TXT ./README.TXT ./__README.TXT ./_award_jars.gif ./_award_knot.gif ./_award_scout.gif ./_award_sparrow.gif ./_dir_assayer.gif ./_dir_backflip.gif ./_dir_britannica.gif ./_dir_dmoz.gif ./_dir_eduport.gif ./_dir_eevl.gif ./_dir_google.gif ./_dir_mathforge.gif ./_dir_mathforum.gif ./_dir_merlot.gif ./_dir_openhere.gif ./_dir_sciencesearch.gif ./_dir_swansea.gif ./_dir_utyx.gif ./_dir_waterloo.gif ./_dir_wikipedia.gif ./_flag-at.png ./_flag-au.png ./_flag-cn.gif ./_flag-de-vintage.png ./_flag-de.png ./_flag-gr.png ./_flag-kr.gif ./_flag-ma.png ./_flag-nl.png ./_flag-nz.png ./_flag-pirate.png ./_flag-ru.gif ./_flag-uk.gif ./_flag-us.png ./_index1hol.gif ./_index1ile.gif ./_index1mpe.gif ./_index1nfe.gif ./_index2hse.gif ./_index3qle.gif ./_index4mms.gif ./_index5sym.gif ./_index6mus.gif ./_index7oth.gif ./_metamath-deco.gif ./_nm.png ./_nmemail.gif ./_pennywoodpile.jpg ./_screen-mnemosyne.jpg ./_screen-palmmm.jpg ./_screen1.png ./_screen_gvim-elflord.png ./_screen_kate.png ./_screen_metamath-jedit.png ./_screen_mmj2-jedit.png ./_screen_vim.png ./_screen_vstudio.jpg ./_screengedit.png ./_screengreasemonkey.png ./_spectrum.png ./_us2penny.jpg ./abian-themostfixed.html ./aleph0-tz.gif ./alephfp.png ./award2003.html ./build-linode-cert.sh ./build-linode.sh ./build-metamath-site ./copyright.html ./czur.html ./donations.html ./downloads ./edu.html ./email.html ./favicon.ico ./fontcompare-safari.pdf ./fontcompare.gif ./google27f0af800c581832.html ./hidden.html ./holgif ./hr.html ./hrsorten.html ./hrsorthr.html ./ilegif ./index.html ./install.log ./install.sh ./latex ./metamath ./mirror.txt ./missing.html ./mm-mailing-list.html ./mm.gif ./mm.html ./mm1600x1600.gif ./mm960x960.gif ./mm_100.html ./mmlogo.gif ./mmlogo.svg ./mmlogotitle.svg ./mmsolitaire ./mpegif ./nfegif ./norm2001.jpg ./norm2009.jpg ./norm2011.jpg ./norm2016.jpg ./other ./other.html ./qlegif ./rdme-downloads.txt ./rdme-holuni.txt ./rdme-home.txt ./rdme-ileuni.txt ./rdme-metamath.txt ./rdme-metamathsite.txt ./rdme-mmsolitaire.txt ./rdme-mpeuni.txt ./rdme-nfeuni.txt ./rdme-qleuni.txt ./rdme-symbols.txt ./robots.txt ./screen1.html ./symbols ./tmpmetamathsite ./unauthorized.html ./valid-html401.png tmpmetamathsite/./
cp: -r not specified; omitting directory './downloads'
cp: -r not specified; omitting directory './holgif'
cp: -r not specified; omitting directory './ilegif'
